Connecting to database specified by database.yml
Connecting to database specified by database.yml
Connecting to database specified by database.yml
Connecting to database specified by database.yml
Connecting to database specified by database.yml
  [1m[36m (18.5ms)[0m  [1mCREATE TABLE "schema_migrations" ("version" character varying(255) NOT NULL) [0m
  [1m[35m (1.6ms)[0m  CREATE UNIQUE INDEX "unique_schema_migrations" ON "schema_migrations" ("version")
  [1m[36m (0.2ms)[0m  [1mSELECT "schema_migrations"."version" FROM "schema_migrations" [0m
Migrating to CreateUsers (20130814184542)
  [1m[35m (0.1ms)[0m  BEGIN
  [1m[36m (3.5ms)[0m  [1mCREATE TABLE "users" ("id" serial primary key, "username" character varying(255) NOT NULL, "password_digest" character varying(255) NOT NULL, "created_at" timestamp NOT NULL, "updated_at" timestamp NOT NULL) [0m
  [1m[35m (1.0ms)[0m  CREATE UNIQUE INDEX "index_users_on_username" ON "users" ("username")
  [1m[36m (0.4ms)[0m  [1mINSERT INTO "schema_migrations" ("version") VALUES ('20130814184542')[0m
  [1m[35m (0.8ms)[0m  COMMIT
Migrating to AddSessionTokenToUsers (20130814223245)
  [1m[36m (0.2ms)[0m  [1mBEGIN[0m
  [1m[35m (0.4ms)[0m  ALTER TABLE "users" ADD COLUMN "session_token" character varying(255) NOT NULL
  [1m[36m (0.8ms)[0m  [1mCREATE UNIQUE INDEX "index_users_on_session_token" ON "users" ("session_token")[0m
  [1m[35m (0.2ms)[0m  INSERT INTO "schema_migrations" ("version") VALUES ('20130814223245')
  [1m[36m (0.4ms)[0m  [1mCOMMIT[0m
Migrating to CreatePhotos (20131028182727)
  [1m[35m (0.1ms)[0m  BEGIN
  [1m[36m (3.5ms)[0m  [1mCREATE TABLE "photos" ("id" serial primary key, "owner_id" integer NOT NULL, "url" character varying(255) NOT NULL, "title" character varying(255) NOT NULL, "created_at" timestamp NOT NULL, "updated_at" timestamp NOT NULL) [0m
  [1m[35m (0.9ms)[0m  CREATE INDEX "index_photos_on_owner_id" ON "photos" ("owner_id")
  [1m[36m (0.1ms)[0m  [1mINSERT INTO "schema_migrations" ("version") VALUES ('20131028182727')[0m
  [1m[35m (0.7ms)[0m  COMMIT
Migrating to CreatePhotoTaggings (20131028182904)
  [1m[36m (0.2ms)[0m  [1mBEGIN[0m
  [1m[35m (1.9ms)[0m  CREATE TABLE "photo_taggings" ("id" serial primary key, "user_id" integer NOT NULL, "photo_id" integer NOT NULL, "x_pos" integer, "y_pos" integer, "created_at" timestamp NOT NULL, "updated_at" timestamp NOT NULL) 
  [1m[36m (1.1ms)[0m  [1mCREATE INDEX "index_photo_taggings_on_user_id" ON "photo_taggings" ("user_id")[0m
  [1m[35m (1.0ms)[0m  CREATE INDEX "index_photo_taggings_on_photo_id" ON "photo_taggings" ("photo_id")
  [1m[36m (1.5ms)[0m  [1mCREATE UNIQUE INDEX "index_photo_taggings_on_user_id_and_photo_id" ON "photo_taggings" ("user_id", "photo_id")[0m
  [1m[35m (0.3ms)[0m  INSERT INTO "schema_migrations" ("version") VALUES ('20131028182904')
  [1m[36m (0.5ms)[0m  [1mCOMMIT[0m
  [1m[35m (0.3ms)[0m  SELECT "schema_migrations"."version" FROM "schema_migrations" 
Connecting to database specified by database.yml
Connecting to database specified by database.yml
